<?xml version="1.0" encoding="UTF-8"?>
<testsuite xmlns:xsi="http://www.w3.org/2001/XMLSchema-instance" xsi:noNamespaceSchemaLocation="https://maven.apache.org/surefire/maven-surefire-plugin/xsd/surefire-test-report.xsd" name="tianrui.AppTest" time="0.057" tests="1" errors="0" skipped="0" failures="0">
  <properties>
    <property name="sun.desktop" value="windows"/>
    <property name="awt.toolkit" value="sun.awt.windows.WToolkit"/>
    <property name="file.encoding.pkg" value="sun.io"/>
    <property name="java.specification.version" value="1.8"/>
    <property name="sun.cpu.isalist" value="pentium_pro+mmx pentium_pro pentium+mmx pentium i486 i386 i86"/>
    <property name="sun.jnu.encoding" value="Cp1252"/>
    <property name="java.class.path" value="C:\Users\sandy\Desktop\cpen422a4assignment\cpen422assignment4\target\test-classes;C:\Users\sandy\Desktop\cpen422a4assignment\cpen422assignment4\target\classes;C:\Users\sandy\.m2\repository\org\soot-oss\soot\4.3.0\soot-4.3.0.jar;C:\Users\sandy\.m2\repository\commons-io\commons-io\2.7\commons-io-2.7.jar;C:\Users\sandy\.m2\repository\org\smali\dexlib2\2.5.2\dexlib2-2.5.2.jar;C:\Users\sandy\.m2\repository\com\google\code\findbugs\jsr305\3.0.2\jsr305-3.0.2.jar;C:\Users\sandy\.m2\repository\com\google\guava\guava\27.1-android\guava-27.1-android.jar;C:\Users\sandy\.m2\repository\com\google\guava\failureaccess\1.0.1\failureaccess-1.0.1.jar;C:\Users\sandy\.m2\repository\com\google\guava\listenablefuture\9999.0-empty-to-avoid-conflict-with-guava\listenablefuture-9999.0-empty-to-avoid-conflict-with-guava.jar;C:\Users\sandy\.m2\repository\org\checkerframework\checker-compat-qual\2.5.2\checker-compat-qual-2.5.2.jar;C:\Users\sandy\.m2\repository\com\google\errorprone\error_prone_annotations\2.2.0\error_prone_annotations-2.2.0.jar;C:\Users\sandy\.m2\repository\com\google\j2objc\j2objc-annotations\1.1\j2objc-annotations-1.1.jar;C:\Users\sandy\.m2\repository\org\codehaus\mojo\animal-sniffer-annotations\1.17\animal-sniffer-annotations-1.17.jar;C:\Users\sandy\.m2\repository\org\ow2\asm\asm\9.2\asm-9.2.jar;C:\Users\sandy\.m2\repository\org\ow2\asm\asm-tree\9.2\asm-tree-9.2.jar;C:\Users\sandy\.m2\repository\org\ow2\asm\asm-util\9.2\asm-util-9.2.jar;C:\Users\sandy\.m2\repository\org\ow2\asm\asm-analysis\9.2\asm-analysis-9.2.jar;C:\Users\sandy\.m2\repository\org\ow2\asm\asm-commons\9.2\asm-commons-9.2.jar;C:\Users\sandy\.m2\repository\xmlpull\xmlpull\1.1.3.4d_b4_min\xmlpull-1.1.3.4d_b4_min.jar;C:\Users\sandy\.m2\repository\de\upb\cs\swt\axml\2.1.2\axml-2.1.2.jar;C:\Users\sandy\.m2\repository\ca\mcgill\sable\polyglot\2006\polyglot-2006.jar;C:\Users\sandy\.m2\repository\de\upb\cs\swt\heros\1.2.3\heros-1.2.3.jar;C:\Users\sandy\.m2\repository\org\functionaljava\functionaljava\4.2\functionaljava-4.2.jar;C:\Users\sandy\.m2\repository\ca\mcgill\sable\jasmin\3.0.3\jasmin-3.0.3.jar;C:\Users\sandy\.m2\repository\ca\mcgill\sable\java_cup\0.9.2\java_cup-0.9.2.jar;C:\Users\sandy\.m2\repository\org\slf4j\slf4j-api\1.7.32\slf4j-api-1.7.32.jar;C:\Users\sandy\.m2\repository\javax\annotation\javax.annotation-api\1.3.2\javax.annotation-api-1.3.2.jar;C:\Users\sandy\.m2\repository\javax\xml\bind\jaxb-api\2.4.0-b180725.0427\jaxb-api-2.4.0-b180725.0427.jar;C:\Users\sandy\.m2\repository\javax\activation\javax.activation-api\1.2.0\javax.activation-api-1.2.0.jar;C:\Users\sandy\.m2\repository\org\glassfish\jaxb\jaxb-runtime\2.4.0-b180830.0438\jaxb-runtime-2.4.0-b180830.0438.jar;C:\Users\sandy\.m2\repository\org\glassfish\jaxb\txw2\2.4.0-b180830.0438\txw2-2.4.0-b180830.0438.jar;C:\Users\sandy\.m2\repository\com\sun\istack\istack-commons-runtime\3.0.7\istack-commons-runtime-3.0.7.jar;C:\Users\sandy\.m2\repository\org\jvnet\staxex\stax-ex\1.8\stax-ex-1.8.jar;C:\Users\sandy\.m2\repository\com\sun\xml\fastinfoset\FastInfoset\1.2.15\FastInfoset-1.2.15.jar;C:\Users\sandy\.m2\repository\junit\junit\4.13.2\junit-4.13.2.jar;C:\Users\sandy\.m2\repository\org\hamcrest\hamcrest-core\1.3\hamcrest-core-1.3.jar;"/>
    <property name="java.vm.vendor" value="Oracle Corporation"/>
    <property name="sun.arch.data.model" value="32"/>
    <property name="user.variant" value=""/>
    <property name="java.vendor.url" value="http://java.oracle.com/"/>
    <property name="user.timezone" value="America/Los_Angeles"/>
    <property name="java.vm.specification.version" value="1.8"/>
    <property name="os.name" value="Windows 10"/>
    <property name="user.country" value="CA"/>
    <property name="sun.java.launcher" value="SUN_STANDARD"/>
    <property name="sun.boot.library.path" value="C:\Program Files (x86)\Java\jdk1.8.0_202\jre\bin"/>
    <property name="sun.java.command" value="C:\Users\sandy\AppData\Local\Temp\surefire6603988820671236032\surefirebooter2588843972075115749.jar C:\Users\sandy\AppData\Local\Temp\surefire6603988820671236032 2024-11-13T13-08-07_194-jvmRun1 surefire2452438421995883755tmp surefire_02911867755612805797tmp"/>
    <property name="surefire.test.class.path" value="C:\Users\sandy\Desktop\cpen422a4assignment\cpen422assignment4\target\test-classes;C:\Users\sandy\Desktop\cpen422a4assignment\cpen422assignment4\target\classes;C:\Users\sandy\.m2\repository\org\soot-oss\soot\4.3.0\soot-4.3.0.jar;C:\Users\sandy\.m2\repository\commons-io\commons-io\2.7\commons-io-2.7.jar;C:\Users\sandy\.m2\repository\org\smali\dexlib2\2.5.2\dexlib2-2.5.2.jar;C:\Users\sandy\.m2\repository\com\google\code\findbugs\jsr305\3.0.2\jsr305-3.0.2.jar;C:\Users\sandy\.m2\repository\com\google\guava\guava\27.1-android\guava-27.1-android.jar;C:\Users\sandy\.m2\repository\com\google\guava\failureaccess\1.0.1\failureaccess-1.0.1.jar;C:\Users\sandy\.m2\repository\com\google\guava\listenablefuture\9999.0-empty-to-avoid-conflict-with-guava\listenablefuture-9999.0-empty-to-avoid-conflict-with-guava.jar;C:\Users\sandy\.m2\repository\org\checkerframework\checker-compat-qual\2.5.2\checker-compat-qual-2.5.2.jar;C:\Users\sandy\.m2\repository\com\google\errorprone\error_prone_annotations\2.2.0\error_prone_annotations-2.2.0.jar;C:\Users\sandy\.m2\repository\com\google\j2objc\j2objc-annotations\1.1\j2objc-annotations-1.1.jar;C:\Users\sandy\.m2\repository\org\codehaus\mojo\animal-sniffer-annotations\1.17\animal-sniffer-annotations-1.17.jar;C:\Users\sandy\.m2\repository\org\ow2\asm\asm\9.2\asm-9.2.jar;C:\Users\sandy\.m2\repository\org\ow2\asm\asm-tree\9.2\asm-tree-9.2.jar;C:\Users\sandy\.m2\repository\org\ow2\asm\asm-util\9.2\asm-util-9.2.jar;C:\Users\sandy\.m2\repository\org\ow2\asm\asm-analysis\9.2\asm-analysis-9.2.jar;C:\Users\sandy\.m2\repository\org\ow2\asm\asm-commons\9.2\asm-commons-9.2.jar;C:\Users\sandy\.m2\repository\xmlpull\xmlpull\1.1.3.4d_b4_min\xmlpull-1.1.3.4d_b4_min.jar;C:\Users\sandy\.m2\repository\de\upb\cs\swt\axml\2.1.2\axml-2.1.2.jar;C:\Users\sandy\.m2\repository\ca\mcgill\sable\polyglot\2006\polyglot-2006.jar;C:\Users\sandy\.m2\repository\de\upb\cs\swt\heros\1.2.3\heros-1.2.3.jar;C:\Users\sandy\.m2\repository\org\functionaljava\functionaljava\4.2\functionaljava-4.2.jar;C:\Users\sandy\.m2\repository\ca\mcgill\sable\jasmin\3.0.3\jasmin-3.0.3.jar;C:\Users\sandy\.m2\repository\ca\mcgill\sable\java_cup\0.9.2\java_cup-0.9.2.jar;C:\Users\sandy\.m2\repository\org\slf4j\slf4j-api\1.7.32\slf4j-api-1.7.32.jar;C:\Users\sandy\.m2\repository\javax\annotation\javax.annotation-api\1.3.2\javax.annotation-api-1.3.2.jar;C:\Users\sandy\.m2\repository\javax\xml\bind\jaxb-api\2.4.0-b180725.0427\jaxb-api-2.4.0-b180725.0427.jar;C:\Users\sandy\.m2\repository\javax\activation\javax.activation-api\1.2.0\javax.activation-api-1.2.0.jar;C:\Users\sandy\.m2\repository\org\glassfish\jaxb\jaxb-runtime\2.4.0-b180830.0438\jaxb-runtime-2.4.0-b180830.0438.jar;C:\Users\sandy\.m2\repository\org\glassfish\jaxb\txw2\2.4.0-b180830.0438\txw2-2.4.0-b180830.0438.jar;C:\Users\sandy\.m2\repository\com\sun\istack\istack-commons-runtime\3.0.7\istack-commons-runtime-3.0.7.jar;C:\Users\sandy\.m2\repository\org\jvnet\staxex\stax-ex\1.8\stax-ex-1.8.jar;C:\Users\sandy\.m2\repository\com\sun\xml\fastinfoset\FastInfoset\1.2.15\FastInfoset-1.2.15.jar;C:\Users\sandy\.m2\repository\junit\junit\4.13.2\junit-4.13.2.jar;C:\Users\sandy\.m2\repository\org\hamcrest\hamcrest-core\1.3\hamcrest-core-1.3.jar;"/>
    <property name="sun.cpu.endian" value="little"/>
    <property name="user.home" value="C:\Users\sandy"/>
    <property name="user.language" value="en"/>
    <property name="java.specification.vendor" value="Oracle Corporation"/>
    <property name="java.home" value="C:\Program Files (x86)\Java\jdk1.8.0_202\jre"/>
    <property name="basedir" value="C:\Users\sandy\Desktop\cpen422a4assignment\cpen422assignment4"/>
    <property name="file.separator" value="\"/>
    <property name="line.separator" value="&#10;"/>
    <property name="java.vm.specification.vendor" value="Oracle Corporation"/>
    <property name="java.specification.name" value="Java Platform API Specification"/>
    <property name="java.awt.graphicsenv" value="sun.awt.Win32GraphicsEnvironment"/>
    <property name="surefire.real.class.path" value="C:\Users\sandy\AppData\Local\Temp\surefire6603988820671236032\surefirebooter2588843972075115749.jar"/>
    <property name="sun.boot.class.path" value="C:\Program Files (x86)\Java\jdk1.8.0_202\jre\lib\resources.jar;C:\Program Files (x86)\Java\jdk1.8.0_202\jre\lib\rt.jar;C:\Program Files (x86)\Java\jdk1.8.0_202\jre\lib\sunrsasign.jar;C:\Program Files (x86)\Java\jdk1.8.0_202\jre\lib\jsse.jar;C:\Program Files (x86)\Java\jdk1.8.0_202\jre\lib\jce.jar;C:\Program Files (x86)\Java\jdk1.8.0_202\jre\lib\charsets.jar;C:\Program Files (x86)\Java\jdk1.8.0_202\jre\lib\jfr.jar;C:\Program Files (x86)\Java\jdk1.8.0_202\jre\classes"/>
    <property name="user.script" value=""/>
    <property name="sun.management.compiler" value="HotSpot Client Compiler"/>
    <property name="java.runtime.version" value="1.8.0_202-b08"/>
    <property name="user.name" value="sandy"/>
    <property name="path.separator" value=";"/>
    <property name="os.version" value="10.0"/>
    <property name="java.endorsed.dirs" value="C:\Program Files (x86)\Java\jdk1.8.0_202\jre\lib\endorsed"/>
    <property name="java.runtime.name" value="Java(TM) SE Runtime Environment"/>
    <property name="file.encoding" value="Cp1252"/>
    <property name="java.vm.name" value="Java HotSpot(TM) Client VM"/>
    <property name="localRepository" value="C:\Users\sandy\.m2\repository"/>
    <property name="java.vendor.url.bug" value="http://bugreport.sun.com/bugreport/"/>
    <property name="java.io.tmpdir" value="C:\Users\sandy\AppData\Local\Temp\"/>
    <property name="java.version" value="1.8.0_202"/>
    <property name="user.dir" value="C:\Users\sandy\Desktop\cpen422a4assignment\cpen422assignment4"/>
    <property name="os.arch" value="x86"/>
    <property name="java.vm.specification.name" value="Java Virtual Machine Specification"/>
    <property name="java.awt.printerjob" value="sun.awt.windows.WPrinterJob"/>
    <property name="sun.os.patch.level" value=""/>
    <property name="java.library.path" value="C:\Program Files (x86)\Java\jdk1.8.0_202\jre\bin;C:\WINDOWS\Sun\Java\bin;C:\WINDOWS\system32;C:\WINDOWS;C:\Program Files (x86)\Common Files\Oracle\Java\javapath;C:\Program Files\Python310\Scripts\;C:\Program Files\Python310\;C:\WINDOWS\system32;C:\WINDOWS;C:\WINDOWS\System32\Wbem;C:\WINDOWS\System32\WindowsPowerShell\v1.0\;C:\WINDOWS\System32\OpenSSH\;C:\Program Files\Git\cmd;C:\Program Files\nodejs\;C:\Users\sandy\OneDrive\Documents\apache-maven-3.9.9-bin\apache-maven-3.9.9\bin;C:\Program Files (x86)\Java\jdk1.8.0_202\bin;C:\Users\sandy\AppData\Local\Microsoft\WindowsApps;C:\Users\sandy\AppData\Local\Programs\Microsoft VS Code\bin;C:\Users\sandy\AppData\Roaming\npm;."/>
    <property name="java.vm.info" value="mixed mode, sharing"/>
    <property name="java.vendor" value="Oracle Corporation"/>
    <property name="java.vm.version" value="25.202-b08"/>
    <property name="java.ext.dirs" value="C:\Program Files (x86)\Java\jdk1.8.0_202\jre\lib\ext;C:\WINDOWS\Sun\Java\lib\ext"/>
    <property name="sun.io.unicode.encoding" value="UnicodeLittle"/>
    <property name="java.class.version" value="52.0"/>
  </properties>
  <testcase name="shouldAnswerWithTrue" classname="tianrui.AppTest" time="0.004"/>
</testsuite>